<?xml version="1.0" encoding="UTF-8"?>
<!-- Generated by org.testng.reporters.JUnitXMLReporter -->
<testsuite ignored="0" hostname="DESKTOP-QVM6J4J" failures="1" tests="1" name="Test" time="5.774" errors="0" timestamp="2023-08-23T09:09:14 IST">
  <testcase classname="com.LoginTest.Test1" name="verifyLogin" time="1.634">
    <failure type="java.lang.AssertionError" message="expected [ABC] but found [Log in to Facebook]">
      <![CDATA[java.lang.AssertionError: expected [ABC] but found [Log in to Facebook]
at com.LoginTest.Test1.verifyLogin(Test1.java:27)
at java.base/java.util.ArrayList.forEach(ArrayList.java:1540)
... Removed 33 stack frames]]>
    </failure>
  </testcase> <!-- verifyLogin -->
</testsuite> <!-- Test -->
