<?xml version="1.0" encoding="UTF-8"?>
<!-- Generated by org.testng.reporters.JUnitXMLReporter -->
<testsuite ignored="1" hostname="DESKTOP-QVM6J4J" failures="0" tests="2" name="Test" time="9.069" errors="0" timestamp="2023-08-25T09:27:32 IST">
  <testcase classname="com.LoginTest.Test1" name="verifyLogin" time="1.86"/>
  <testcase classname="com.LoginTest.Test2" name="verifyLoginTest_2" time="0.209"/>
  <testcase classname="com.Utility.BaseClass" name="@BeforeSuite initialization" time="0.0">
    <ignored/>
  </testcase> <!-- @BeforeSuite initialization -->
</testsuite> <!-- Test -->
