<?xml version="1.0" encoding="UTF-8"?>
<testng-results ignored="1" total="3" passed="2" failed="0" skipped="0">
  <reporter-output>
  </reporter-output>
  <suite started-at="2023-08-25T09:27:23 IST" name="Suite" finished-at="2023-08-25T09:27:32 IST" duration-ms="9069">
    <groups>
    </groups>
    <test started-at="2023-08-25T09:27:23 IST" name="Test" finished-at="2023-08-25T09:27:32 IST" duration-ms="9069">
      <class name="com.LoginTest.Test2">
        <test-method is-config="true" signature="setUp()[pri:0, instance:com.LoginTest.Test2@4b23c30a]" started-at="2023-08-25T09:27:29 IST" name="setUp" finished-at="2023-08-25T09:27:31 IST" duration-ms="2706" status="PASS">
          <reporter-output>
          </reporter-output>
        </test-method> <!-- setUp -->
        <test-method signature="verifyLoginTest_2()[pri:0, instance:com.LoginTest.Test2@4b23c30a]" started-at="2023-08-25T09:27:31 IST" name="verifyLoginTest_2" finished-at="2023-08-25T09:27:32 IST" duration-ms="209" status="PASS">
          <reporter-output>
          </reporter-output>
        </test-method> <!-- verifyLoginTest_2 -->
        <test-method is-config="true" signature="tearDown()[pri:0, instance:com.LoginTest.Test2@4b23c30a]" started-at="2023-08-25T09:27:32 IST" name="tearDown" finished-at="2023-08-25T09:27:32 IST" duration-ms="0" status="PASS">
          <reporter-output>
          </reporter-output>
        </test-method> <!-- tearDown -->
      </class> <!-- com.LoginTest.Test2 -->
      <class name="com.LoginTest.Test1">
        <test-method is-config="true" signature="initialization()[pri:0, instance:com.LoginTest.Test1@3b96c42e]" started-at="2023-08-25T09:27:22 IST" name="initialization" finished-at="2023-08-25T09:27:23 IST" duration-ms="629" status="PASS">
          <reporter-output>
          </reporter-output>
        </test-method> <!-- initialization -->
        <test-method is-config="true" signature="setUp()[pri:0, instance:com.LoginTest.Test1@3b96c42e]" started-at="2023-08-25T09:27:23 IST" name="setUp" finished-at="2023-08-25T09:27:27 IST" duration-ms="3944" status="PASS">
          <reporter-output>
          </reporter-output>
        </test-method> <!-- setUp -->
        <test-method signature="verifyLogin()[pri:0, instance:com.LoginTest.Test1@3b96c42e]" started-at="2023-08-25T09:27:27 IST" name="verifyLogin" finished-at="2023-08-25T09:27:28 IST" duration-ms="1860" status="PASS">
          <reporter-output>
          </reporter-output>
        </test-method> <!-- verifyLogin -->
        <test-method is-config="true" signature="tearDown()[pri:0, instance:com.LoginTest.Test1@3b96c42e]" started-at="2023-08-25T09:27:29 IST" name="tearDown" finished-at="2023-08-25T09:27:29 IST" duration-ms="1" status="PASS">
          <reporter-output>
          </reporter-output>
        </test-method> <!-- tearDown -->
      </class> <!-- com.LoginTest.Test1 -->
    </test> <!-- Test -->
  </suite> <!-- Suite -->
</testng-results>
