<?xml version="1.0" encoding="UTF-8"?>
<testng-results ignored="0" total="1" passed="0" failed="1" skipped="0">
  <reporter-output>
  </reporter-output>
  <suite started-at="2023-08-28T21:01:46 IST" name="Suite" finished-at="2023-08-28T21:01:54 IST" duration-ms="8872">
    <groups>
    </groups>
    <test started-at="2023-08-28T21:01:46 IST" name="AddToCart" finished-at="2023-08-28T21:01:54 IST" duration-ms="8872">
      <class name="com.LoginTest.Test_Aniket_Jambaldare">
        <test-method is-config="true" signature="initialization()[pri:0, instance:com.LoginTest.Test_Aniket_Jambaldare@a8ef162]" started-at="2023-08-28T21:01:45 IST" name="initialization" finished-at="2023-08-28T21:01:46 IST" duration-ms="849" status="PASS">
          <reporter-output>
          </reporter-output>
        </test-method> <!-- initialization -->
        <test-method is-config="true" signature="setUp()[pri:0, instance:com.LoginTest.Test_Aniket_Jambaldare@a8ef162]" started-at="2023-08-28T21:01:46 IST" name="setUp" finished-at="2023-08-28T21:01:50 IST" duration-ms="4055" status="PASS">
          <reporter-output>
          </reporter-output>
        </test-method> <!-- setUp -->
        <test-method is-config="true" signature="setUpAniket()[pri:0, instance:com.LoginTest.Test_Aniket_Jambaldare@a8ef162]" started-at="2023-08-28T21:01:50 IST" name="setUpAniket" finished-at="2023-08-28T21:01:53 IST" duration-ms="3245" status="PASS">
          <reporter-output>
          </reporter-output>
        </test-method> <!-- setUpAniket -->
        <test-method signature="VerifyAddToCart()[pri:0, instance:com.LoginTest.Test_Aniket_Jambaldare@a8ef162]" started-at="2023-08-28T21:01:53 IST" name="VerifyAddToCart" finished-at="2023-08-28T21:01:53 IST" duration-ms="120" status="FAIL">
          <exception class="java.lang.NullPointerException">
            <message>
              <![CDATA[Cannot invoke "org.apache.poi.xssf.usermodel.XSSFSheet.getRow(int)" because the return value of "org.apache.poi.xssf.usermodel.XSSFWorkbook.getSheet(String)" is null]]>
            </message>
            <full-stacktrace>
              <![CDATA[java.lang.NullPointerException: Cannot invoke "org.apache.poi.xssf.usermodel.XSSFSheet.getRow(int)" because the return value of "org.apache.poi.xssf.usermodel.XSSFWorkbook.getSheet(String)" is null
at com.Utility.ExcelDataProvider.getStringData_Excel(ExcelDataProvider.java:20)
at com.LoginTest.Test_Aniket_Jambaldare.VerifyAddToCart(Test_Aniket_Jambaldare.java:19)
at java.base/jdk.internal.reflect.DirectMethodHandleAccessor.invoke(DirectMethodHandleAccessor.java:104)
at java.base/java.lang.reflect.Method.invoke(Method.java:578)
at org.testng.internal.invokers.MethodInvocationHelper.invokeMethod(MethodInvocationHelper.java:139)
at org.testng.internal.invokers.TestInvoker.invokeMethod(TestInvoker.java:664)
at org.testng.internal.invokers.TestInvoker.invokeTestMethod(TestInvoker.java:227)
at org.testng.internal.invokers.MethodRunner.runInSequence(MethodRunner.java:50)
at org.testng.internal.invokers.TestInvoker$MethodInvocationAgent.invoke(TestInvoker.java:957)
at org.testng.internal.invokers.TestInvoker.invokeTestMethods(TestInvoker.java:200)
at org.testng.internal.invokers.TestMethodWorker.invokeTestMethods(TestMethodWorker.java:148)
at org.testng.internal.invokers.TestMethodWorker.run(TestMethodWorker.java:128)
at java.base/java.util.ArrayList.forEach(ArrayList.java:1511)
at org.testng.TestRunner.privateRun(TestRunner.java:848)
at org.testng.TestRunner.run(TestRunner.java:621)
at org.testng.SuiteRunner.runTest(SuiteRunner.java:443)
at org.testng.SuiteRunner.runSequentially(SuiteRunner.java:437)
at org.testng.SuiteRunner.privateRun(SuiteRunner.java:397)
at org.testng.SuiteRunner.run(SuiteRunner.java:336)
at org.testng.SuiteRunnerWorker.runSuite(SuiteRunnerWorker.java:52)
at org.testng.SuiteRunnerWorker.run(SuiteRunnerWorker.java:95)
at org.testng.TestNG.runSuitesSequentially(TestNG.java:1280)
at org.testng.TestNG.runSuitesLocally(TestNG.java:1200)
at org.testng.TestNG.runSuites(TestNG.java:1114)
at org.testng.TestNG.run(TestNG.java:1082)
at org.testng.remote.AbstractRemoteTestNG.run(AbstractRemoteTestNG.java:115)
at org.testng.remote.RemoteTestNG.initAndRun(RemoteTestNG.java:251)
at org.testng.remote.RemoteTestNG.main(RemoteTestNG.java:77)
]]>
            </full-stacktrace>
          </exception> <!-- java.lang.NullPointerException -->
          <reporter-output>
          </reporter-output>
        </test-method> <!-- VerifyAddToCart -->
        <test-method is-config="true" signature="tearDown()[pri:0, instance:com.LoginTest.Test_Aniket_Jambaldare@a8ef162]" started-at="2023-08-28T21:01:54 IST" name="tearDown" finished-at="2023-08-28T21:01:54 IST" duration-ms="0" status="PASS">
          <reporter-output>
          </reporter-output>
        </test-method> <!-- tearDown -->
      </class> <!-- com.LoginTest.Test_Aniket_Jambaldare -->
    </test> <!-- AddToCart -->
  </suite> <!-- Suite -->
</testng-results>
